2026-07-01 10:21:11,452 - capcut_controller - WARNING - Draft '0504' was not visible via UIA; assuming the current CapCut editor is already open.
2026-07-01 10:21:13,508 - capcut_controller - INFO - UIA export button not found; clicking fallback coordinates (1775, 18).
2026-07-01 10:30:50,668 - capcut_controller - WARNING - Draft '0504' was not visible via UIA; assuming the current CapCut editor is already open.
2026-07-01 10:30:53,057 - capcut_controller - INFO - UIA export button not found; clicking fallback coordinates (-146, 18).
2026-07-01 10:34:11,284 - capcut_controller - WARNING - Draft '0504' was not visible via UIA; clicking the first project tile fallback.
2026-07-01 10:34:11,722 - capcut_controller - INFO - Clicking first project tile fallback at (-1630, 585).
2026-07-01 10:34:22,994 - capcut_controller - INFO - UIA export button not found; clicking fallback coordinates (-146, 18).
2026-07-01 10:34:33,339 - capcut_controller - WARNING - Export dialog was not visible via UIA; continuing with coordinate fallback.
2026-07-01 13:52:42,389 - capcut_controller - INFO - Clicking first project tile fallback at (-1362, 765).
2026-07-01 14:35:44,124 - capcut_controller - INFO - Clicking first project tile fallback at (-1369, 776).
2026-07-01 14:38:08,076 - capcut_controller - INFO - Clicking first project tile fallback at (551, 776).
2026-07-01 14:39:41,816 - capcut_controller - INFO - Clicking first project tile fallback at (-1630, 585).
2026-07-01 14:49:23,135 - capcut_controller - INFO - Clicking first project tile fallback at (-1630, 585).
2026-07-01 14:54:13,506 - capcut_controller - INFO - Clicking first project tile fallback at (-1630, 585).
2026-07-01 14:55:20,562 - capcut_controller - INFO - Clicking first project tile fallback at (551, 776).
2026-07-01 15:00:14,973 - capcut_controller - INFO - Clicking first project tile fallback at (282, 577).
2026-07-01 15:02:06,589 - capcut_controller - INFO - Clicking first project tile fallback at (-1630, 585).
2026-07-01 15:03:29,468 - capcut_controller - INFO - Clicking first project tile fallback at (-1630, 585).
2026-07-01 15:15:51,728 - capcut_controller - INFO - Clicking first project tile fallback at (282, 577).
2026-07-01 15:19:51,028 - capcut_controller - INFO - Clicking first project tile fallback at (-1630, 585).
2026-07-01 16:17:30,439 - capcut_controller - INFO - Clicking first project tile fallback at (-1638, 577).
2026-07-01 16:19:01,718 - capcut_controller - INFO - Clicking first project tile fallback at (282, 577).
2026-07-01 16:25:50,416 - capcut_controller - INFO - Clicking first project tile fallback at (282, 577).
2026-07-01 16:27:08,462 - capcut_controller - INFO - Clicking first project tile fallback at (282, 577).
2026-07-01 16:32:41,741 - capcut_controller - INFO - Clicking first project tile fallback at (282, 577).
2026-07-01 16:37:13,407 - capcut_controller - INFO - Clicking first project tile fallback at (282, 577).
2026-07-01 16:38:48,694 - capcut_controller - INFO - Clicking first project tile fallback at (-1630, 585).
2026-07-01 16:42:07,557 - capcut_controller - INFO - Clicking first project tile fallback at (282, 577).
